<?xml version="1.0" encoding="UTF-8"?>
<coverage generated="1678896926049" clover="3.2.0">
  <project timestamp="1678896926049" name="All files">
    <metrics statements="22" coveredstatements="20" conditionals="5" coveredconditionals="4" methods="5" coveredmethods="5" elements="32" coveredelements="29" complexity="0" loc="22" ncloc="22" packages="2" files="2" classes="2"/>
    <package name="services.db.mongo">
      <metrics statements="15" coveredstatements="14" conditionals="5" coveredconditionals="4" methods="3" coveredmethods="3"/>
      <file name="mongo_connection.js" path="\\FS\U\welcome to the project\lets concrete\Rectr\project-students\Tovi\node\services\db\mongo\mongo_connection.js">
        <metrics statements="15" coveredstatements="14" conditionals="5" coveredconditionals="4" methods="3" coveredmethods="3"/>
        <line num="1" count="1" type="stmt"/>
        <line num="2" count="1" type="stmt"/>
        <line num="3" count="1" type="stmt"/>
        <line num="4" count="1" type="stmt"/>
        <line num="6" count="1" type="cond" truecount="1" falsecount="0"/>
        <line num="7" count="3" type="cond" truecount="1" falsecount="1"/>
        <line num="8" count="0" type="stmt"/>
        <line num="10" count="3" type="stmt"/>
        <line num="11" count="3" type="stmt"/>
        <line num="14" count="1" type="stmt"/>
        <line num="15" count="4" type="cond" truecount="2" falsecount="0"/>
        <line num="16" count="1" type="stmt"/>
        <line num="18" count="3" type="stmt"/>
        <line num="21" count="3" type="stmt"/>
        <line num="23" count="1" type="stmt"/>
      </file>
    </package>
    <package name="tests.helpers">
      <metrics statements="7" coveredstatements="6" conditionals="0" coveredconditionals="0" methods="2" coveredmethods="2"/>
      <file name="mongo-helpers.js" path="\\FS\U\welcome to the project\lets concrete\Rectr\project-students\Tovi\node\tests\helpers\mongo-helpers.js">
        <metrics statements="7" coveredstatements="6" conditionals="0" coveredconditionals="0" methods="2" coveredmethods="2"/>
        <line num="1" count="1" type="stmt"/>
        <line num="3" count="1" type="stmt"/>
        <line num="4" count="1" type="stmt"/>
        <line num="5" count="1" type="stmt"/>
        <line num="6" count="1" type="stmt"/>
        <line num="9" count="0" type="stmt"/>
        <line num="13" count="1" type="stmt"/>
      </file>
    </package>
  </project>
</coverage>
