{"\\\\FS\\U\\welcome to the project\\lets concrete\\Cmbgn\\Project-students\\Mali\\node\\app.js": {"path":"\\\\FS\\U\\welcome to the project\\lets concrete\\Cmbgn\\Project-students\\Mali\\node\\app.js","statementMap":{"0":{"start":{"line":1,"column":16},"end":{"line":1,"column":34}},"1":{"start":{"line":2,"column":12},"end":{"line":2,"column":27}},"2":{"start":{"line":3,"column":12},"end":{"line":3,"column":21}},"3":{"start":{"line":4,"column":21},"end":{"line":4,"column":54}},"4":{"start":{"line":5,"column":22},"end":{"line":5,"column":56}},"5":{"start":{"line":8,"column":0},"end":{"line":8,"column":15}},"6":{"start":{"line":9,"column":0},"end":{"line":9,"column":31}},"7":{"start":{"line":10,"column":0},"end":{"line":10,"column":33}},"8":{"start":{"line":12,"column":0},"end":{"line":14,"column":2}},"9":{"start":{"line":13,"column":4},"end":{"line":13,"column":23}},"10":{"start":{"line":17,"column":0},"end":{"line":17,"column":24}}},"fnMap":{"0":{"name":"(anonymous_0)","decl":{"start":{"line":12,"column":13},"end":{"line":12,"column":14}},"loc":{"start":{"line":12,"column":27},"end":{"line":14,"column":1}},"line":12}},"branchMap":{},"s":{"0":2,"1":2,"2":2,"3":2,"4":2,"5":2,"6":2,"7":2,"8":2,"9":0,"10":2},"f":{"0":0},"b":{},"_coverageSchema":"1a1c01bbd47fc00a2c39e90264f33305004495a9","hash":"106e1cb39c017f0d9fb6610d42e225724b828eae"}
,"\\\\FS\\U\\welcome to the project\\lets concrete\\Cmbgn\\Project-students\\Mali\\node\\modules\\areas.js": {"path":"\\\\FS\\U\\welcome to the project\\lets concrete\\Cmbgn\\Project-students\\Mali\\node\\modules\\areas.js","statementMap":{"0":{"start":{"line":1,"column":0},"end":{"line":1,"column":26}},"1":{"start":{"line":2,"column":30},"end":{"line":2,"column":72}},"2":{"start":{"line":3,"column":31},"end":{"line":3,"column":61}},"3":{"start":{"line":6,"column":17},"end":{"line":6,"column":67}},"4":{"start":{"line":7,"column":15},"end":{"line":7,"column":28}},"5":{"start":{"line":9,"column":19},"end":{"line":9,"column":101}},"6":{"start":{"line":10,"column":4},"end":{"line":13,"column":44}},"7":{"start":{"line":11,"column":8},"end":{"line":11,"column":21}},"8":{"start":{"line":13,"column":8},"end":{"line":13,"column":44}},"9":{"start":{"line":18,"column":19},"end":{"line":18,"column":94}},"10":{"start":{"line":19,"column":4},"end":{"line":19,"column":17}},"11":{"start":{"line":24,"column":19},"end":{"line":24,"column":106}},"12":{"start":{"line":25,"column":4},"end":{"line":25,"column":62}},"13":{"start":{"line":26,"column":4},"end":{"line":29,"column":41}},"14":{"start":{"line":27,"column":8},"end":{"line":27,"column":37}},"15":{"start":{"line":29,"column":8},"end":{"line":29,"column":41}},"16":{"start":{"line":35,"column":19},"end":{"line":35,"column":210}},"17":{"start":{"line":36,"column":4},"end":{"line":39,"column":51}},"18":{"start":{"line":37,"column":8},"end":{"line":37,"column":21}},"19":{"start":{"line":39,"column":8},"end":{"line":39,"column":51}},"20":{"start":{"line":44,"column":19},"end":{"line":44,"column":87}},"21":{"start":{"line":45,"column":4},"end":{"line":45,"column":24}},"22":{"start":{"line":46,"column":4},"end":{"line":49,"column":60}},"23":{"start":{"line":47,"column":8},"end":{"line":47,"column":21}},"24":{"start":{"line":49,"column":8},"end":{"line":49,"column":60}},"25":{"start":{"line":55,"column":19},"end":{"line":55,"column":94}},"26":{"start":{"line":56,"column":4},"end":{"line":59,"column":80}},"27":{"start":{"line":57,"column":8},"end":{"line":57,"column":21}},"28":{"start":{"line":59,"column":8},"end":{"line":59,"column":80}},"29":{"start":{"line":62,"column":19},"end":{"line":62,"column":153}},"30":{"start":{"line":63,"column":4},"end":{"line":66,"column":51}},"31":{"start":{"line":64,"column":8},"end":{"line":64,"column":21}},"32":{"start":{"line":66,"column":8},"end":{"line":66,"column":51}},"33":{"start":{"line":70,"column":0},"end":{"line":78,"column":1}}},"fnMap":{"0":{"name":"insertArea","decl":{"start":{"line":5,"column":15},"end":{"line":5,"column":25}},"loc":{"start":{"line":5,"column":31},"end":{"line":14,"column":1}},"line":5},"1":{"name":"updateSupplierOrClient","decl":{"start":{"line":17,"column":15},"end":{"line":17,"column":37}},"loc":{"start":{"line":17,"column":45},"end":{"line":20,"column":1}},"line":17},"2":{"name":"findAreaByCode","decl":{"start":{"line":23,"column":15},"end":{"line":23,"column":29}},"loc":{"start":{"line":23,"column":47},"end":{"line":30,"column":1}},"line":23},"3":{"name":"updateArea","decl":{"start":{"line":33,"column":15},"end":{"line":33,"column":25}},"loc":{"start":{"line":33,"column":31},"end":{"line":41,"column":1}},"line":33},"4":{"name":"findSupplierOrClient","decl":{"start":{"line":43,"column":15},"end":{"line":43,"column":35}},"loc":{"start":{"line":43,"column":42},"end":{"line":50,"column":1}},"line":43},"5":{"name":"deleteSupplierOrClient","decl":{"start":{"line":54,"column":15},"end":{"line":54,"column":37}},"loc":{"start":{"line":54,"column":45},"end":{"line":60,"column":1}},"line":54},"6":{"name":"deleteArea","decl":{"start":{"line":61,"column":15},"end":{"line":61,"column":25}},"loc":{"start":{"line":61,"column":39},"end":{"line":68,"column":1}},"line":61}},"branchMap":{"0":{"loc":{"start":{"line":10,"column":4},"end":{"line":13,"column":44}},"type":"if","locations":[{"start":{"line":10,"column":4},"end":{"line":13,"column":44}},{"start":{"line":13,"column":8},"end":{"line":13,"column":44}}],"line":10},"1":{"loc":{"start":{"line":23,"column":35},"end":{"line":23,"column":45}},"type":"default-arg","locations":[{"start":{"line":23,"column":43},"end":{"line":23,"column":45}}],"line":23},"2":{"loc":{"start":{"line":26,"column":4},"end":{"line":29,"column":41}},"type":"if","locations":[{"start":{"line":26,"column":4},"end":{"line":29,"column":41}},{"start":{"line":29,"column":8},"end":{"line":29,"column":41}}],"line":26},"3":{"loc":{"start":{"line":36,"column":4},"end":{"line":39,"column":51}},"type":"if","locations":[{"start":{"line":36,"column":4},"end":{"line":39,"column":51}},{"start":{"line":39,"column":8},"end":{"line":39,"column":51}}],"line":36},"4":{"loc":{"start":{"line":46,"column":4},"end":{"line":49,"column":60}},"type":"if","locations":[{"start":{"line":46,"column":4},"end":{"line":49,"column":60}},{"start":{"line":49,"column":8},"end":{"line":49,"column":60}}],"line":46},"5":{"loc":{"start":{"line":56,"column":4},"end":{"line":59,"column":80}},"type":"if","locations":[{"start":{"line":56,"column":4},"end":{"line":59,"column":80}},{"start":{"line":59,"column":8},"end":{"line":59,"column":80}}],"line":56},"6":{"loc":{"start":{"line":63,"column":4},"end":{"line":66,"column":51}},"type":"if","locations":[{"start":{"line":63,"column":4},"end":{"line":66,"column":51}},{"start":{"line":66,"column":8},"end":{"line":66,"column":51}}],"line":63}},"s":{"0":1,"1":1,"2":1,"3":0,"4":0,"5":0,"6":0,"7":0,"8":0,"9":0,"10":0,"11":0,"12":0,"13":0,"14":0,"15":0,"16":0,"17":0,"18":0,"19":0,"20":0,"21":0,"22":0,"23":0,"24":0,"25":0,"26":0,"27":0,"28":0,"29":0,"30":0,"31":0,"32":0,"33":1},"f":{"0":0,"1":0,"2":0,"3":0,"4":0,"5":0,"6":0},"b":{"0":[0,0],"1":[0],"2":[0,0],"3":[0,0],"4":[0,0],"5":[0,0],"6":[0,0]},"_coverageSchema":"1a1c01bbd47fc00a2c39e90264f33305004495a9","hash":"bc4af9e259fd1af9680379037a6bbf2bcdef1159"}
,"\\\\FS\\U\\welcome to the project\\lets concrete\\Cmbgn\\Project-students\\Mali\\node\\modules\\prices.js": {"path":"\\\\FS\\U\\welcome to the project\\lets concrete\\Cmbgn\\Project-students\\Mali\\node\\modules\\prices.js","statementMap":{"0":{"start":{"line":1,"column":47},"end":{"line":1,"column":88}},"1":{"start":{"line":2,"column":49},"end":{"line":2,"column":90}},"2":{"start":{"line":25,"column":15},"end":{"line":34,"column":44}},"3":{"start":{"line":35,"column":19},"end":{"line":35,"column":53}},"4":{"start":{"line":37,"column":4},"end":{"line":37,"column":17}},"5":{"start":{"line":43,"column":17},"end":{"line":43,"column":109}},"6":{"start":{"line":44,"column":4},"end":{"line":44,"column":17}},"7":{"start":{"line":50,"column":17},"end":{"line":50,"column":78}},"8":{"start":{"line":51,"column":4},"end":{"line":51,"column":17}},"9":{"start":{"line":57,"column":4},"end":{"line":57,"column":43}},"10":{"start":{"line":58,"column":18},"end":{"line":58,"column":78}},"11":{"start":{"line":59,"column":4},"end":{"line":59,"column":21}},"12":{"start":{"line":64,"column":19},"end":{"line":64,"column":99}},"13":{"start":{"line":65,"column":4},"end":{"line":65,"column":34}},"14":{"start":{"line":66,"column":4},"end":{"line":66,"column":17}},"15":{"start":{"line":73,"column":4},"end":{"line":79,"column":5}},"16":{"start":{"line":74,"column":9},"end":{"line":74,"column":100}},"17":{"start":{"line":77,"column":9},"end":{"line":77,"column":94}},"18":{"start":{"line":80,"column":4},"end":{"line":80,"column":18}},"19":{"start":{"line":85,"column":19},"end":{"line":85,"column":107}},"20":{"start":{"line":86,"column":4},"end":{"line":86,"column":18}},"21":{"start":{"line":94,"column":19},"end":{"line":94,"column":251}},"22":{"start":{"line":95,"column":4},"end":{"line":95,"column":18}},"23":{"start":{"line":101,"column":19},"end":{"line":101,"column":135}},"24":{"start":{"line":102,"column":4},"end":{"line":102,"column":17}},"25":{"start":{"line":105,"column":0},"end":{"line":115,"column":1}}},"fnMap":{"0":{"name":"addPriceList","decl":{"start":{"line":22,"column":15},"end":{"line":22,"column":27}},"loc":{"start":{"line":22,"column":34},"end":{"line":38,"column":1}},"line":22},"1":{"name":"updatePriceList","decl":{"start":{"line":41,"column":15},"end":{"line":41,"column":30}},"loc":{"start":{"line":41,"column":37},"end":{"line":45,"column":1}},"line":41},"2":{"name":"deletePriceList","decl":{"start":{"line":48,"column":15},"end":{"line":48,"column":30}},"loc":{"start":{"line":48,"column":35},"end":{"line":52,"column":1}},"line":48},"3":{"name":"setTheDateForSql","decl":{"start":{"line":56,"column":9},"end":{"line":56,"column":25}},"loc":{"start":{"line":56,"column":32},"end":{"line":60,"column":1}},"line":56},"4":{"name":"selectAreaAndPriceByItemCode","decl":{"start":{"line":63,"column":15},"end":{"line":63,"column":43}},"loc":{"start":{"line":63,"column":55},"end":{"line":68,"column":1}},"line":63},"5":{"name":"selectProductByAreaName","decl":{"start":{"line":71,"column":15},"end":{"line":71,"column":38}},"loc":{"start":{"line":71,"column":55},"end":{"line":81,"column":1}},"line":71},"6":{"name":"selectAreaByClientOrSupplyCode","decl":{"start":{"line":83,"column":15},"end":{"line":83,"column":45}},"loc":{"start":{"line":83,"column":57},"end":{"line":89,"column":1}},"line":83},"7":{"name":"selectAllAreasByPriceListCodeAndAreaNameAndItemCode","decl":{"start":{"line":92,"column":15},"end":{"line":92,"column":66}},"loc":{"start":{"line":92,"column":78},"end":{"line":98,"column":1}},"line":92},"8":{"name":"selectProductsOfSupplierOrClientByAreaName","decl":{"start":{"line":99,"column":15},"end":{"line":99,"column":57}},"loc":{"start":{"line":99,"column":69},"end":{"line":103,"column":1}},"line":99}},"branchMap":{"0":{"loc":{"start":{"line":73,"column":4},"end":{"line":79,"column":5}},"type":"if","locations":[{"start":{"line":73,"column":4},"end":{"line":79,"column":5}},{"start":{"line":76,"column":9},"end":{"line":79,"column":5}}],"line":73}},"s":{"0":1,"1":1,"2":0,"3":0,"4":0,"5":0,"6":0,"7":0,"8":0,"9":0,"10":0,"11":0,"12":0,"13":0,"14":0,"15":0,"16":0,"17":0,"18":0,"19":0,"20":0,"21":0,"22":0,"23":0,"24":0,"25":1},"f":{"0":0,"1":0,"2":0,"3":0,"4":0,"5":0,"6":0,"7":0,"8":0},"b":{"0":[0,0]},"_coverageSchema":"1a1c01bbd47fc00a2c39e90264f33305004495a9","hash":"057f4e4285ccf7fa55ea4295b7425301eead57d0"}
,"\\\\FS\\U\\welcome to the project\\lets concrete\\Cmbgn\\Project-students\\Mali\\node\\routers\\areas-router.js": {"path":"\\\\FS\\U\\welcome to the project\\lets concrete\\Cmbgn\\Project-students\\Mali\\node\\routers\\areas-router.js","statementMap":{"0":{"start":{"line":1,"column":15},"end":{"line":1,"column":42}},"1":{"start":{"line":2,"column":16},"end":{"line":2,"column":34}},"2":{"start":{"line":4,"column":109},"end":{"line":4,"column":136}},"3":{"start":{"line":8,"column":0},"end":{"line":10,"column":2}},"4":{"start":{"line":9,"column":4},"end":{"line":9,"column":30}},"5":{"start":{"line":12,"column":0},"end":{"line":23,"column":2}},"6":{"start":{"line":13,"column":4},"end":{"line":13,"column":27}},"7":{"start":{"line":14,"column":18},"end":{"line":14,"column":33}},"8":{"start":{"line":15,"column":4},"end":{"line":21,"column":5}},"9":{"start":{"line":16,"column":23},"end":{"line":16,"column":56}},"10":{"start":{"line":17,"column":8},"end":{"line":17,"column":39}},"11":{"start":{"line":18,"column":8},"end":{"line":18,"column":36}},"12":{"start":{"line":20,"column":8},"end":{"line":20,"column":35}},"13":{"start":{"line":28,"column":0},"end":{"line":37,"column":2}},"14":{"start":{"line":29,"column":4},"end":{"line":35,"column":5}},"15":{"start":{"line":30,"column":23},"end":{"line":30,"column":97}},"16":{"start":{"line":31,"column":8},"end":{"line":31,"column":38}},"17":{"start":{"line":32,"column":8},"end":{"line":32,"column":36}},"18":{"start":{"line":34,"column":8},"end":{"line":34,"column":35}},"19":{"start":{"line":39,"column":0},"end":{"line":50,"column":2}},"20":{"start":{"line":41,"column":4},"end":{"line":41,"column":29}},"21":{"start":{"line":42,"column":15},"end":{"line":42,"column":30}},"22":{"start":{"line":43,"column":4},"end":{"line":48,"column":5}},"23":{"start":{"line":44,"column":23},"end":{"line":44,"column":49}},"24":{"start":{"line":45,"column":8},"end":{"line":45,"column":36}},"25":{"start":{"line":47,"column":8},"end":{"line":47,"column":35}},"26":{"start":{"line":53,"column":0},"end":{"line":63,"column":2}},"27":{"start":{"line":55,"column":4},"end":{"line":62,"column":5}},"28":{"start":{"line":57,"column":23},"end":{"line":57,"column":49}},"29":{"start":{"line":58,"column":8},"end":{"line":58,"column":36}},"30":{"start":{"line":61,"column":8},"end":{"line":61,"column":35}},"31":{"start":{"line":66,"column":0},"end":{"line":78,"column":2}},"32":{"start":{"line":68,"column":20},"end":{"line":68,"column":34}},"33":{"start":{"line":69,"column":19},"end":{"line":69,"column":36}},"34":{"start":{"line":70,"column":4},"end":{"line":76,"column":5}},"35":{"start":{"line":71,"column":23},"end":{"line":71,"column":56}},"36":{"start":{"line":72,"column":8},"end":{"line":72,"column":36}},"37":{"start":{"line":75,"column":8},"end":{"line":75,"column":35}},"38":{"start":{"line":80,"column":0},"end":{"line":89,"column":2}},"39":{"start":{"line":81,"column":4},"end":{"line":87,"column":5}},"40":{"start":{"line":82,"column":23},"end":{"line":82,"column":49}},"41":{"start":{"line":83,"column":8},"end":{"line":83,"column":36}},"42":{"start":{"line":86,"column":8},"end":{"line":86,"column":35}},"43":{"start":{"line":91,"column":0},"end":{"line":100,"column":2}},"44":{"start":{"line":93,"column":4},"end":{"line":98,"column":5}},"45":{"start":{"line":94,"column":23},"end":{"line":94,"column":61}},"46":{"start":{"line":95,"column":8},"end":{"line":95,"column":36}},"47":{"start":{"line":97,"column":8},"end":{"line":97,"column":35}},"48":{"start":{"line":105,"column":0},"end":{"line":105,"column":23}}},"fnMap":{"0":{"name":"(anonymous_0)","decl":{"start":{"line":8,"column":16},"end":{"line":8,"column":17}},"loc":{"start":{"line":8,"column":30},"end":{"line":10,"column":1}},"line":8},"1":{"name":"(anonymous_1)","decl":{"start":{"line":12,"column":29},"end":{"line":12,"column":30}},"loc":{"start":{"line":12,"column":49},"end":{"line":23,"column":1}},"line":12},"2":{"name":"(anonymous_2)","decl":{"start":{"line":28,"column":34},"end":{"line":28,"column":35}},"loc":{"start":{"line":28,"column":54},"end":{"line":37,"column":1}},"line":28},"3":{"name":"(anonymous_3)","decl":{"start":{"line":39,"column":37},"end":{"line":39,"column":38}},"loc":{"start":{"line":39,"column":57},"end":{"line":50,"column":1}},"line":39},"4":{"name":"(anonymous_4)","decl":{"start":{"line":53,"column":43},"end":{"line":53,"column":44}},"loc":{"start":{"line":53,"column":63},"end":{"line":63,"column":1}},"line":53},"5":{"name":"(anonymous_5)","decl":{"start":{"line":66,"column":49},"end":{"line":66,"column":50}},"loc":{"start":{"line":66,"column":69},"end":{"line":78,"column":1}},"line":66},"6":{"name":"(anonymous_6)","decl":{"start":{"line":80,"column":43},"end":{"line":80,"column":44}},"loc":{"start":{"line":80,"column":63},"end":{"line":89,"column":1}},"line":80},"7":{"name":"(anonymous_7)","decl":{"start":{"line":91,"column":43},"end":{"line":91,"column":44}},"loc":{"start":{"line":91,"column":63},"end":{"line":100,"column":1}},"line":91}},"branchMap":{},"s":{"0":2,"1":2,"2":2,"3":2,"4":0,"5":2,"6":0,"7":0,"8":0,"9":0,"10":0,"11":0,"12":0,"13":2,"14":0,"15":0,"16":0,"17":0,"18":0,"19":2,"20":1,"21":1,"22":1,"23":1,"24":1,"25":0,"26":2,"27":0,"28":0,"29":0,"30":0,"31":2,"32":0,"33":0,"34":0,"35":0,"36":0,"37":0,"38":2,"39":0,"40":0,"41":0,"42":0,"43":2,"44":0,"45":0,"46":0,"47":0,"48":2},"f":{"0":0,"1":0,"2":0,"3":1,"4":0,"5":0,"6":0,"7":0},"b":{},"_coverageSchema":"1a1c01bbd47fc00a2c39e90264f33305004495a9","hash":"f4b1dab3d39450ccfe0a68af32a24f0504126796"}
,"\\\\FS\\U\\welcome to the project\\lets concrete\\Cmbgn\\Project-students\\Mali\\node\\routers\\prices-router.js": {"path":"\\\\FS\\U\\welcome to the project\\lets concrete\\Cmbgn\\Project-students\\Mali\\node\\routers\\prices-router.js","statementMap":{"0":{"start":{"line":1,"column":15},"end":{"line":1,"column":42}},"1":{"start":{"line":2,"column":16},"end":{"line":2,"column":34}},"2":{"start":{"line":4,"column":242},"end":{"line":4,"column":270}},"3":{"start":{"line":7,"column":0},"end":{"line":10,"column":2}},"4":{"start":{"line":8,"column":4},"end":{"line":8,"column":23}},"5":{"start":{"line":9,"column":4},"end":{"line":9,"column":25}},"6":{"start":{"line":14,"column":0},"end":{"line":22,"column":2}},"7":{"start":{"line":15,"column":4},"end":{"line":20,"column":5}},"8":{"start":{"line":16,"column":20},"end":{"line":16,"column":89}},"9":{"start":{"line":17,"column":8},"end":{"line":17,"column":33}},"10":{"start":{"line":19,"column":8},"end":{"line":19,"column":35}},"11":{"start":{"line":24,"column":0},"end":{"line":32,"column":2}},"12":{"start":{"line":25,"column":4},"end":{"line":30,"column":5}},"13":{"start":{"line":26,"column":20},"end":{"line":26,"column":80}},"14":{"start":{"line":27,"column":8},"end":{"line":27,"column":33}},"15":{"start":{"line":29,"column":8},"end":{"line":29,"column":35}},"16":{"start":{"line":37,"column":0},"end":{"line":47,"column":2}},"17":{"start":{"line":38,"column":4},"end":{"line":45,"column":5}},"18":{"start":{"line":39,"column":20},"end":{"line":39,"column":66}},"19":{"start":{"line":40,"column":8},"end":{"line":40,"column":33}},"20":{"start":{"line":43,"column":8},"end":{"line":43,"column":35}},"21":{"start":{"line":50,"column":0},"end":{"line":60,"column":2}},"22":{"start":{"line":51,"column":4},"end":{"line":58,"column":5}},"23":{"start":{"line":52,"column":20},"end":{"line":52,"column":67}},"24":{"start":{"line":53,"column":8},"end":{"line":53,"column":33}},"25":{"start":{"line":56,"column":8},"end":{"line":56,"column":35}},"26":{"start":{"line":63,"column":0},"end":{"line":72,"column":2}},"27":{"start":{"line":64,"column":4},"end":{"line":70,"column":5}},"28":{"start":{"line":65,"column":20},"end":{"line":65,"column":62}},"29":{"start":{"line":66,"column":8},"end":{"line":66,"column":33}},"30":{"start":{"line":68,"column":8},"end":{"line":68,"column":35}},"31":{"start":{"line":75,"column":0},"end":{"line":84,"column":2}},"32":{"start":{"line":76,"column":4},"end":{"line":82,"column":5}},"33":{"start":{"line":77,"column":20},"end":{"line":77,"column":68}},"34":{"start":{"line":78,"column":8},"end":{"line":78,"column":33}},"35":{"start":{"line":80,"column":8},"end":{"line":80,"column":35}},"36":{"start":{"line":86,"column":0},"end":{"line":94,"column":2}},"37":{"start":{"line":87,"column":4},"end":{"line":92,"column":5}},"38":{"start":{"line":88,"column":23},"end":{"line":88,"column":51}},"39":{"start":{"line":89,"column":8},"end":{"line":89,"column":36}},"40":{"start":{"line":91,"column":8},"end":{"line":91,"column":35}},"41":{"start":{"line":96,"column":0},"end":{"line":104,"column":2}},"42":{"start":{"line":97,"column":4},"end":{"line":102,"column":5}},"43":{"start":{"line":98,"column":23},"end":{"line":98,"column":54}},"44":{"start":{"line":99,"column":8},"end":{"line":99,"column":36}},"45":{"start":{"line":101,"column":8},"end":{"line":101,"column":35}},"46":{"start":{"line":106,"column":0},"end":{"line":114,"column":2}},"47":{"start":{"line":107,"column":4},"end":{"line":112,"column":5}},"48":{"start":{"line":108,"column":23},"end":{"line":108,"column":57}},"49":{"start":{"line":109,"column":8},"end":{"line":109,"column":36}},"50":{"start":{"line":111,"column":8},"end":{"line":111,"column":35}},"51":{"start":{"line":133,"column":0},"end":{"line":133,"column":23}}},"fnMap":{"0":{"name":"(anonymous_0)","decl":{"start":{"line":7,"column":16},"end":{"line":7,"column":17}},"loc":{"start":{"line":7,"column":36},"end":{"line":10,"column":1}},"line":7},"1":{"name":"(anonymous_1)","decl":{"start":{"line":14,"column":91},"end":{"line":14,"column":92}},"loc":{"start":{"line":14,"column":111},"end":{"line":22,"column":1}},"line":14},"2":{"name":"(anonymous_2)","decl":{"start":{"line":24,"column":72},"end":{"line":24,"column":73}},"loc":{"start":{"line":24,"column":92},"end":{"line":32,"column":1}},"line":24},"3":{"name":"(anonymous_3)","decl":{"start":{"line":37,"column":48},"end":{"line":37,"column":49}},"loc":{"start":{"line":37,"column":68},"end":{"line":47,"column":1}},"line":37},"4":{"name":"(anonymous_4)","decl":{"start":{"line":50,"column":52},"end":{"line":50,"column":53}},"loc":{"start":{"line":50,"column":72},"end":{"line":60,"column":1}},"line":50},"5":{"name":"(anonymous_5)","decl":{"start":{"line":63,"column":43},"end":{"line":63,"column":44}},"loc":{"start":{"line":63,"column":63},"end":{"line":72,"column":1}},"line":63},"6":{"name":"(anonymous_6)","decl":{"start":{"line":75,"column":50},"end":{"line":75,"column":51}},"loc":{"start":{"line":75,"column":70},"end":{"line":84,"column":1}},"line":75},"7":{"name":"(anonymous_7)","decl":{"start":{"line":86,"column":45},"end":{"line":86,"column":46}},"loc":{"start":{"line":86,"column":65},"end":{"line":94,"column":1}},"line":86},"8":{"name":"(anonymous_8)","decl":{"start":{"line":96,"column":48},"end":{"line":96,"column":49}},"loc":{"start":{"line":96,"column":68},"end":{"line":104,"column":1}},"line":96},"9":{"name":"(anonymous_9)","decl":{"start":{"line":106,"column":48},"end":{"line":106,"column":49}},"loc":{"start":{"line":106,"column":68},"end":{"line":114,"column":1}},"line":106}},"branchMap":{},"s":{"0":2,"1":2,"2":2,"3":2,"4":0,"5":0,"6":2,"7":0,"8":0,"9":0,"10":0,"11":2,"12":0,"13":0,"14":0,"15":0,"16":2,"17":1,"18":1,"19":1,"20":0,"21":2,"22":1,"23":1,"24":1,"25":0,"26":2,"27":0,"28":0,"29":0,"30":0,"31":2,"32":0,"33":0,"34":0,"35":0,"36":2,"37":1,"38":1,"39":1,"40":0,"41":2,"42":1,"43":1,"44":1,"45":0,"46":2,"47":0,"48":0,"49":0,"50":0,"51":2},"f":{"0":0,"1":0,"2":0,"3":1,"4":1,"5":0,"6":0,"7":1,"8":1,"9":0},"b":{},"_coverageSchema":"1a1c01bbd47fc00a2c39e90264f33305004495a9","hash":"97cd87d2c694259513af0b152e6390941ce2d297"}
,"\\\\FS\\U\\welcome to the project\\lets concrete\\Cmbgn\\Project-students\\Mali\\node\\services\\db\\mongo-connection.js": {"path":"\\\\FS\\U\\welcome to the project\\lets concrete\\Cmbgn\\Project-students\\Mali\\node\\services\\db\\mongo-connection.js","statementMap":{"0":{"start":{"line":2,"column":0},"end":{"line":2,"column":26}},"1":{"start":{"line":3,"column":24},"end":{"line":3,"column":42}},"2":{"start":{"line":4,"column":13},"end":{"line":4,"column":17}},"3":{"start":{"line":5,"column":24},"end":{"line":5,"column":35}},"4":{"start":{"line":13,"column":16},"end":{"line":19,"column":1}},"5":{"start":{"line":14,"column":4},"end":{"line":16,"column":5}},"6":{"start":{"line":15,"column":8},"end":{"line":15,"column":72}},"7":{"start":{"line":17,"column":4},"end":{"line":17,"column":47}},"8":{"start":{"line":18,"column":4},"end":{"line":18,"column":26}},"9":{"start":{"line":21,"column":19},"end":{"line":26,"column":1}},"10":{"start":{"line":22,"column":4},"end":{"line":24,"column":5}},"11":{"start":{"line":23,"column":8},"end":{"line":23,"column":47}},"12":{"start":{"line":25,"column":4},"end":{"line":25,"column":24}},"13":{"start":{"line":28,"column":18},"end":{"line":30,"column":1}},"14":{"start":{"line":29,"column":4},"end":{"line":29,"column":17}},"15":{"start":{"line":32,"column":0},"end":{"line":34,"column":1}}},"fnMap":{"0":{"name":"(anonymous_0)","decl":{"start":{"line":13,"column":16},"end":{"line":13,"column":17}},"loc":{"start":{"line":13,"column":57},"end":{"line":19,"column":1}},"line":13},"1":{"name":"(anonymous_1)","decl":{"start":{"line":21,"column":19},"end":{"line":21,"column":20}},"loc":{"start":{"line":21,"column":31},"end":{"line":26,"column":1}},"line":21},"2":{"name":"(anonymous_2)","decl":{"start":{"line":28,"column":18},"end":{"line":28,"column":19}},"loc":{"start":{"line":28,"column":24},"end":{"line":30,"column":1}},"line":28}},"branchMap":{"0":{"loc":{"start":{"line":13,"column":23},"end":{"line":13,"column":52}},"type":"default-arg","locations":[{"start":{"line":13,"column":36},"end":{"line":13,"column":52}}],"line":13},"1":{"loc":{"start":{"line":14,"column":4},"end":{"line":16,"column":5}},"type":"if","locations":[{"start":{"line":14,"column":4},"end":{"line":16,"column":5}},{"start":{},"end":{}}],"line":14},"2":{"loc":{"start":{"line":22,"column":4},"end":{"line":24,"column":5}},"type":"if","locations":[{"start":{"line":22,"column":4},"end":{"line":24,"column":5}},{"start":{},"end":{}}],"line":22}},"s":{"0":1,"1":1,"2":1,"3":1,"4":1,"5":0,"6":0,"7":0,"8":0,"9":1,"10":0,"11":0,"12":0,"13":1,"14":0,"15":1},"f":{"0":0,"1":0,"2":0},"b":{"0":[0],"1":[0,0],"2":[0,0]},"_coverageSchema":"1a1c01bbd47fc00a2c39e90264f33305004495a9","hash":"0f87971dd70124a79be5c700f125429c7f00532f"}
,"\\\\FS\\U\\welcome to the project\\lets concrete\\Cmbgn\\Project-students\\Mali\\node\\services\\db\\mongo-operations.js": {"path":"\\\\FS\\U\\welcome to the project\\lets concrete\\Cmbgn\\Project-students\\Mali\\node\\services\\db\\mongo-operations.js","statementMap":{"0":{"start":{"line":1,"column":22},"end":{"line":1,"column":51}},"1":{"start":{"line":2,"column":21},"end":{"line":2,"column":32}},"2":{"start":{"line":6,"column":8},"end":{"line":6,"column":44}},"3":{"start":{"line":7,"column":8},"end":{"line":7,"column":28}},"4":{"start":{"line":11,"column":23},"end":{"line":11,"column":103}},"5":{"start":{"line":12,"column":8},"end":{"line":12,"column":21}},"6":{"start":{"line":25,"column":23},"end":{"line":25,"column":129}},"7":{"start":{"line":26,"column":8},"end":{"line":26,"column":21}},"8":{"start":{"line":30,"column":23},"end":{"line":30,"column":136}},"9":{"start":{"line":31,"column":8},"end":{"line":31,"column":22}},"10":{"start":{"line":35,"column":8},"end":{"line":35,"column":40}},"11":{"start":{"line":36,"column":23},"end":{"line":36,"column":115}},"12":{"start":{"line":37,"column":8},"end":{"line":37,"column":21}},"13":{"start":{"line":41,"column":23},"end":{"line":41,"column":126}},"14":{"start":{"line":42,"column":8},"end":{"line":42,"column":40}},"15":{"start":{"line":43,"column":8},"end":{"line":43,"column":21}},"16":{"start":{"line":50,"column":0},"end":{"line":50,"column":38}}},"fnMap":{"0":{"name":"(anonymous_0)","decl":{"start":{"line":5,"column":4},"end":{"line":5,"column":5}},"loc":{"start":{"line":5,"column":51},"end":{"line":8,"column":5}},"line":5},"1":{"name":"(anonymous_1)","decl":{"start":{"line":10,"column":4},"end":{"line":10,"column":5}},"loc":{"start":{"line":10,"column":25},"end":{"line":13,"column":5}},"line":10},"2":{"name":"(anonymous_2)","decl":{"start":{"line":24,"column":4},"end":{"line":24,"column":5}},"loc":{"start":{"line":24,"column":52},"end":{"line":27,"column":5}},"line":24},"3":{"name":"(anonymous_3)","decl":{"start":{"line":29,"column":4},"end":{"line":29,"column":5}},"loc":{"start":{"line":29,"column":47},"end":{"line":32,"column":5}},"line":29},"4":{"name":"(anonymous_4)","decl":{"start":{"line":34,"column":4},"end":{"line":34,"column":5}},"loc":{"start":{"line":34,"column":47},"end":{"line":38,"column":5}},"line":34},"5":{"name":"(anonymous_5)","decl":{"start":{"line":39,"column":4},"end":{"line":39,"column":5}},"loc":{"start":{"line":39,"column":63},"end":{"line":44,"column":5}},"line":39}},"branchMap":{"0":{"loc":{"start":{"line":5,"column":32},"end":{"line":5,"column":49}},"type":"default-arg","locations":[{"start":{"line":5,"column":41},"end":{"line":5,"column":49}}],"line":5},"1":{"loc":{"start":{"line":24,"column":29},"end":{"line":24,"column":38}},"type":"default-arg","locations":[{"start":{"line":24,"column":36},"end":{"line":24,"column":38}}],"line":24},"2":{"loc":{"start":{"line":24,"column":40},"end":{"line":24,"column":50}},"type":"default-arg","locations":[{"start":{"line":24,"column":48},"end":{"line":24,"column":50}}],"line":24},"3":{"loc":{"start":{"line":29,"column":20},"end":{"line":29,"column":31}},"type":"default-arg","locations":[{"start":{"line":29,"column":29},"end":{"line":29,"column":31}}],"line":29},"4":{"loc":{"start":{"line":29,"column":33},"end":{"line":29,"column":45}},"type":"default-arg","locations":[{"start":{"line":29,"column":43},"end":{"line":29,"column":45}}],"line":29},"5":{"loc":{"start":{"line":34,"column":18},"end":{"line":34,"column":29}},"type":"default-arg","locations":[{"start":{"line":34,"column":27},"end":{"line":34,"column":29}}],"line":34},"6":{"loc":{"start":{"line":34,"column":31},"end":{"line":34,"column":45}},"type":"default-arg","locations":[{"start":{"line":34,"column":43},"end":{"line":34,"column":45}}],"line":34},"7":{"loc":{"start":{"line":39,"column":20},"end":{"line":39,"column":31}},"type":"default-arg","locations":[{"start":{"line":39,"column":29},"end":{"line":39,"column":31}}],"line":39},"8":{"loc":{"start":{"line":39,"column":33},"end":{"line":39,"column":42}},"type":"default-arg","locations":[{"start":{"line":39,"column":40},"end":{"line":39,"column":42}}],"line":39},"9":{"loc":{"start":{"line":39,"column":44},"end":{"line":39,"column":61}},"type":"default-arg","locations":[{"start":{"line":39,"column":59},"end":{"line":39,"column":61}}],"line":39}},"s":{"0":1,"1":1,"2":1,"3":1,"4":0,"5":0,"6":0,"7":0,"8":0,"9":0,"10":0,"11":0,"12":0,"13":0,"14":0,"15":0,"16":1},"f":{"0":1,"1":0,"2":0,"3":0,"4":0,"5":0},"b":{"0":[1],"1":[0],"2":[0],"3":[0],"4":[0],"5":[0],"6":[0],"7":[0],"8":[0],"9":[0]},"_coverageSchema":"1a1c01bbd47fc00a2c39e90264f33305004495a9","hash":"9385b579a8e41cc314bc96f4bda8aace0a9aa34d"}
,"\\\\FS\\U\\welcome to the project\\lets concrete\\Cmbgn\\Project-students\\Mali\\node\\services\\sql\\sql-connection.js": {"path":"\\\\FS\\U\\welcome to the project\\lets concrete\\Cmbgn\\Project-students\\Mali\\node\\services\\sql\\sql-connection.js","statementMap":{"0":{"start":{"line":1,"column":12},"end":{"line":1,"column":28}},"1":{"start":{"line":4,"column":15},"end":{"line":16,"column":1}},"2":{"start":{"line":18,"column":17},"end":{"line":18,"column":21}},"3":{"start":{"line":20,"column":15},"end":{"line":22,"column":1}},"4":{"start":{"line":21,"column":3},"end":{"line":21,"column":42}},"5":{"start":{"line":24,"column":20},"end":{"line":26,"column":1}},"6":{"start":{"line":25,"column":4},"end":{"line":25,"column":22}},"7":{"start":{"line":28,"column":21},"end":{"line":28,"column":35}},"8":{"start":{"line":28,"column":25},"end":{"line":28,"column":35}},"9":{"start":{"line":30,"column":0},"end":{"line":30,"column":53}}},"fnMap":{"0":{"name":"(anonymous_0)","decl":{"start":{"line":20,"column":15},"end":{"line":20,"column":16}},"loc":{"start":{"line":20,"column":42},"end":{"line":22,"column":1}},"line":20},"1":{"name":"(anonymous_1)","decl":{"start":{"line":24,"column":20},"end":{"line":24,"column":21}},"loc":{"start":{"line":24,"column":24},"end":{"line":26,"column":1}},"line":24},"2":{"name":"(anonymous_2)","decl":{"start":{"line":28,"column":21},"end":{"line":28,"column":22}},"loc":{"start":{"line":28,"column":25},"end":{"line":28,"column":35}},"line":28}},"branchMap":{"0":{"loc":{"start":{"line":20,"column":22},"end":{"line":20,"column":39}},"type":"default-arg","locations":[{"start":{"line":20,"column":31},"end":{"line":20,"column":39}}],"line":20}},"s":{"0":3,"1":3,"2":3,"3":3,"4":2,"5":3,"6":2,"7":3,"8":0,"9":3},"f":{"0":2,"1":2,"2":0},"b":{"0":[0]},"_coverageSchema":"1a1c01bbd47fc00a2c39e90264f33305004495a9","hash":"7f6401abdaaaae09222d07b1b7d45801897194e2"}
,"\\\\FS\\U\\welcome to the project\\lets concrete\\Cmbgn\\Project-students\\Mali\\node\\services\\sql\\sql-operations.js": {"path":"\\\\FS\\U\\welcome to the project\\lets concrete\\Cmbgn\\Project-students\\Mali\\node\\services\\sql\\sql-operations.js","statementMap":{"0":{"start":{"line":1,"column":47},"end":{"line":1,"column":91}},"1":{"start":{"line":5,"column":4},"end":{"line":5,"column":35}},"2":{"start":{"line":6,"column":4},"end":{"line":6,"column":33}},"3":{"start":{"line":7,"column":4},"end":{"line":7,"column":41}},"4":{"start":{"line":9,"column":4},"end":{"line":9,"column":19}},"5":{"start":{"line":10,"column":19},"end":{"line":10,"column":109}},"6":{"start":{"line":11,"column":4},"end":{"line":11,"column":41}},"7":{"start":{"line":12,"column":4},"end":{"line":12,"column":16}},"8":{"start":{"line":13,"column":4},"end":{"line":17,"column":36}},"9":{"start":{"line":14,"column":8},"end":{"line":14,"column":31}},"10":{"start":{"line":17,"column":8},"end":{"line":17,"column":36}},"11":{"start":{"line":21,"column":4},"end":{"line":21,"column":19}},"12":{"start":{"line":22,"column":19},"end":{"line":22,"column":97}},"13":{"start":{"line":23,"column":4},"end":{"line":23,"column":34}},"14":{"start":{"line":24,"column":4},"end":{"line":24,"column":16}},"15":{"start":{"line":25,"column":4},"end":{"line":29,"column":36}},"16":{"start":{"line":26,"column":8},"end":{"line":26,"column":31}},"17":{"start":{"line":29,"column":8},"end":{"line":29,"column":36}},"18":{"start":{"line":33,"column":4},"end":{"line":33,"column":19}},"19":{"start":{"line":34,"column":19},"end":{"line":34,"column":105}},"20":{"start":{"line":35,"column":4},"end":{"line":35,"column":34}},"21":{"start":{"line":36,"column":4},"end":{"line":36,"column":16}},"22":{"start":{"line":37,"column":4},"end":{"line":41,"column":36}},"23":{"start":{"line":38,"column":8},"end":{"line":38,"column":31}},"24":{"start":{"line":41,"column":8},"end":{"line":41,"column":36}},"25":{"start":{"line":44,"column":0},"end":{"line":44,"column":57}}},"fnMap":{"0":{"name":"selectFromSql","decl":{"start":{"line":4,"column":15},"end":{"line":4,"column":28}},"loc":{"start":{"line":4,"column":55},"end":{"line":18,"column":1}},"line":4},"1":{"name":"addToSql","decl":{"start":{"line":20,"column":15},"end":{"line":20,"column":23}},"loc":{"start":{"line":20,"column":39},"end":{"line":30,"column":1}},"line":20},"2":{"name":"updateInSql","decl":{"start":{"line":32,"column":15},"end":{"line":32,"column":26}},"loc":{"start":{"line":32,"column":50},"end":{"line":42,"column":1}},"line":32}},"branchMap":{"0":{"loc":{"start":{"line":13,"column":4},"end":{"line":17,"column":36}},"type":"if","locations":[{"start":{"line":13,"column":4},"end":{"line":17,"column":36}},{"start":{"line":17,"column":8},"end":{"line":17,"column":36}}],"line":13},"1":{"loc":{"start":{"line":25,"column":4},"end":{"line":29,"column":36}},"type":"if","locations":[{"start":{"line":25,"column":4},"end":{"line":29,"column":36}},{"start":{"line":29,"column":8},"end":{"line":29,"column":36}}],"line":25},"2":{"loc":{"start":{"line":37,"column":4},"end":{"line":41,"column":36}},"type":"if","locations":[{"start":{"line":37,"column":4},"end":{"line":41,"column":36}},{"start":{"line":41,"column":8},"end":{"line":41,"column":36}}],"line":37}},"s":{"0":1,"1":0,"2":0,"3":0,"4":0,"5":0,"6":0,"7":0,"8":0,"9":0,"10":0,"11":0,"12":0,"13":0,"14":0,"15":0,"16":0,"17":0,"18":0,"19":0,"20":0,"21":0,"22":0,"23":0,"24":0,"25":1},"f":{"0":0,"1":0,"2":0},"b":{"0":[0,0],"1":[0,0],"2":[0,0]},"_coverageSchema":"1a1c01bbd47fc00a2c39e90264f33305004495a9","hash":"ab4ee1cdf205ad81bd743253696545708770589a"}
}
