TN:
SF:app.js
FN:10,(anonymous_0)
FNF:1
FNH:0
FNDA:0,(anonymous_0)
DA:1,1
DA:2,1
DA:3,1
DA:5,1
DA:7,1
DA:8,1
DA:10,1
DA:11,0
DA:14,1
LF:9
LH:8
BRF:0
BRH:0
end_of_record
TN:
SF:modules\leads\mongo\create_m.js
FN:8,(anonymous_0)
FN:17,AllLeadsDetails
FNF:2
FNH:2
FNDA:2,(anonymous_0)
FNDA:1,AllLeadsDetails
DA:1,1
DA:2,1
DA:4,1
DA:5,1
DA:6,1
DA:8,1
DA:9,2
DA:10,1
DA:13,1
DA:15,2
DA:18,1
DA:19,1
DA:20,1
DA:21,1
DA:23,1
LF:15
LH:15
BRDA:8,0,0,1
BRDA:9,1,0,1
BRDA:9,1,1,1
BRF:3
BRH:3
end_of_record
TN:
SF:modules\leads\sql\create_sql.js
FN:5,selectAllTable
FN:19,selectRecordByPhoneNumber
FN:32,nameAndphone
FN:46,newOrderer
FN:67,newPouringType
FNF:5
FNH:5
FNDA:2,selectAllTable
FNDA:2,selectRecordByPhoneNumber
FNDA:1,nameAndphone
FNDA:2,newOrderer
FNDA:2,newPouringType
DA:1,1
DA:3,1
DA:7,2
DA:8,2
DA:9,2
DA:10,1
DA:13,1
DA:15,2
DA:21,2
DA:22,2
DA:23,2
DA:24,1
DA:27,1
DA:29,2
DA:34,1
DA:35,1
DA:36,1
DA:37,1
DA:40,0
DA:42,1
DA:49,2
DA:50,1
DA:52,1
DA:53,1
DA:54,1
DA:55,1
DA:58,1
DA:60,2
DA:70,2
DA:71,1
DA:72,1
DA:73,1
DA:76,1
DA:79,2
DA:83,1
LF:35
LH:34
BRDA:46,0,0,1
BRDA:49,1,0,1
BRDA:49,1,1,1
BRDA:67,2,0,1
BRDA:70,3,0,1
BRDA:70,3,1,1
BRF:6
BRH:6
end_of_record
TN:
SF:routers\leads.js
FN:10,(anonymous_0)
FN:15,(anonymous_1)
FN:20,(anonymous_2)
FN:24,(anonymous_3)
FN:30,(anonymous_4)
FN:35,(anonymous_5)
FNF:6
FNH:6
FNDA:3,(anonymous_0)
FNDA:3,(anonymous_1)
FNDA:3,(anonymous_2)
FNDA:2,(anonymous_3)
FNDA:4,(anonymous_4)
FNDA:4,(anonymous_5)
DA:1,1
DA:2,1
DA:4,1
DA:6,1
DA:8,1
DA:10,1
DA:11,3
DA:12,3
DA:15,1
DA:16,3
DA:17,3
DA:20,1
DA:21,3
DA:22,3
DA:24,1
DA:25,2
DA:26,2
DA:30,1
DA:31,4
DA:32,4
DA:35,1
DA:36,4
DA:37,4
DA:38,4
DA:39,4
DA:40,4
DA:44,4
DA:50,1
LF:28
LH:28
BRDA:39,0,0,4
BRDA:39,0,1,0
BRDA:39,1,0,4
BRDA:39,1,1,4
BRF:4
BRH:3
end_of_record
TN:
SF:services\db\mongo-connection.js
FN:7,(anonymous_0)
FN:15,(anonymous_1)
FN:22,(anonymous_2)
FNF:3
FNH:0
FNDA:0,(anonymous_0)
FNDA:0,(anonymous_1)
FNDA:0,(anonymous_2)
DA:1,1
DA:2,1
DA:4,1
DA:5,1
DA:7,1
DA:8,0
DA:9,0
DA:11,0
DA:12,0
DA:15,1
DA:16,0
DA:17,0
DA:19,0
DA:22,1
DA:23,0
DA:26,1
LF:16
LH:8
BRDA:7,0,0,0
BRDA:8,1,0,0
BRDA:8,1,1,0
BRDA:16,2,0,0
BRDA:16,2,1,0
BRF:5
BRH:0
end_of_record
TN:
SF:services\sql\sql-connection.js
FN:22,(anonymous_0)
FN:26,(anonymous_1)
FN:30,(anonymous_2)
FNF:3
FNH:3
FNDA:16,(anonymous_0)
FNDA:14,(anonymous_1)
FNDA:7,(anonymous_2)
DA:1,1
DA:2,1
DA:4,1
DA:5,1
DA:20,1
DA:22,1
DA:23,16
DA:26,1
DA:27,14
DA:30,7
DA:32,1
LF:11
LH:11
BRDA:22,0,0,16
BRF:1
BRH:1
end_of_record
