TN:
SF:app.js
FNF:0
FNH:0
DA:1,1
DA:2,1
DA:3,1
DA:5,1
DA:7,1
DA:9,1
DA:11,1
LF:7
LH:7
BRF:0
BRH:0
end_of_record
TN:
SF:modules\leads\sql\create_sql.js
FN:5,selectAllTable
FN:21,selectRecordByPhoneNumber
FNF:2
FNH:2
FNDA:2,selectAllTable
FNDA:2,selectRecordByPhoneNumber
DA:1,1
DA:3,1
DA:6,2
DA:8,2
DA:9,2
DA:10,2
DA:11,1
DA:14,1
DA:17,2
DA:23,2
DA:24,2
DA:25,2
DA:26,1
DA:29,1
DA:31,2
DA:42,1
LF:16
LH:16
BRF:0
BRH:0
end_of_record
TN:
SF:routers\leads.js
FN:6,(anonymous_0)
FN:11,(anonymous_1)
FN:16,(anonymous_2)
FN:20,(anonymous_3)
FN:27,(anonymous_4)
FNF:5
FNH:2
FNDA:0,(anonymous_0)
FNDA:0,(anonymous_1)
FNDA:0,(anonymous_2)
FNDA:2,(anonymous_3)
FNDA:4,(anonymous_4)
DA:1,1
DA:2,1
DA:4,1
DA:6,1
DA:7,0
DA:8,0
DA:11,1
DA:12,0
DA:13,0
DA:16,1
DA:17,0
DA:18,0
DA:20,1
DA:21,2
DA:22,2
DA:23,2
DA:27,1
DA:28,4
DA:29,4
DA:30,4
DA:35,1
LF:21
LH:15
BRF:0
BRH:0
end_of_record
TN:
SF:services\db\mongo-connection.js
FN:7,(anonymous_0)
FN:15,(anonymous_1)
FN:22,(anonymous_2)
FNF:3
FNH:0
FNDA:0,(anonymous_0)
FNDA:0,(anonymous_1)
FNDA:0,(anonymous_2)
DA:1,1
DA:2,1
DA:4,1
DA:5,1
DA:7,1
DA:8,0
DA:9,0
DA:11,0
DA:12,0
DA:15,1
DA:16,0
DA:17,0
DA:19,0
DA:22,1
DA:23,0
DA:26,1
LF:16
LH:8
BRDA:7,0,0,0
BRDA:8,1,0,0
BRDA:8,1,1,0
BRDA:16,2,0,0
BRDA:16,2,1,0
BRF:5
BRH:0
end_of_record
TN:
SF:services\sql\sql-connection.js
FN:22,(anonymous_0)
FN:26,(anonymous_1)
FN:30,(anonymous_2)
FNF:3
FNH:3
FNDA:8,(anonymous_0)
FNDA:6,(anonymous_1)
FNDA:4,(anonymous_2)
DA:1,1
DA:2,1
DA:4,1
DA:5,1
DA:20,1
DA:22,1
DA:23,8
DA:26,1
DA:27,6
DA:30,4
DA:32,1
LF:11
LH:11
BRDA:22,0,0,8
BRF:1
BRH:1
end_of_record
